[0m14:59:12.997976 [debug] [MainThread]: Sending event: {'category': 'dbt', 'action': 'invocation', 'label': 'start', 'context': [<snowplow_tracker.self_describing_json.SelfDescribingJson object at 0x7120d1c62930>, <snowplow_tracker.self_describing_json.SelfDescribingJson object at 0x7120d133cfe0>, <snowplow_tracker.self_describing_json.SelfDescribingJson object at 0x7120d1397740>]}


============================== 14:59:13.003175 | 32d71178-b880-47ff-bf44-0335a04b4f2d ==============================
[0m14:59:13.003175 [info ] [MainThread]: Running with dbt=1.11.7
[0m14:59:13.003659 [debug] [MainThread]: running dbt with arguments {'warn_error_options': 'WarnErrorOptionsV2(error=[], warn=[], silence=[])', 'printer_width': '80', 'empty': 'None', 'use_colors': 'True', 'log_cache_events': 'False', 'version_check': 'True', 'no_print': 'None', 'use_experimental_parser': 'False', 'introspect': 'True', 'fail_fast': 'False', 'log_format': 'default', 'cache_selected_only': 'False', 'write_json': 'True', 'debug': 'False', 'indirect_selection': 'eager', 'log_path': 'logs', 'static_parser': 'True', 'quiet': 'False', 'send_anonymous_usage_stats': 'True', 'invocation_command': 'dbt init fred_dbt', 'warn_error': 'None', 'profiles_dir': '/home/sanx/.dbt', 'partial_parse': 'True', 'target_path': 'None'}
[0m14:59:13.020143 [info ] [MainThread]: Creating dbt configuration folder at /home/sanx/.dbt
[0m14:59:13.023808 [debug] [MainThread]: Starter project path: /home/sanx/fred-pipeline/venv/lib/python3.12/site-packages/dbt/include/starter_project
[0m14:59:13.032077 [info ] [MainThread]: 
Your new dbt project "fred_dbt" was created!

For more information on how to configure the profiles.yml file,
please consult the dbt documentation here:

  https://docs.getdbt.com/docs/configure-your-profile

One more thing:

Need help? Don't hesitate to reach out to us via GitHub issues or on Slack:

  https://community.getdbt.com/

Happy modeling!

[0m14:59:13.032460 [info ] [MainThread]: Setting up your profile.
[0m15:00:44.938915 [info ] [MainThread]: Profile fred_dbt written to /home/sanx/.dbt/profiles.yml using target's profile_template.yml and your supplied values. Run 'dbt debug' to validate the connection.
[0m15:00:44.940641 [debug] [MainThread]: Resource report: {"command_name": "init", "command_success": true, "command_wall_clock_time": 95.88977, "process_in_blocks": "91000", "process_kernel_time": 0.253386, "process_mem_max_rss": "103992", "process_out_blocks": "80", "process_user_time": 1.171911}
[0m15:00:44.941003 [debug] [MainThread]: Command `dbt init` succeeded at 15:00:44.940923 after 95.89 seconds
[0m15:00:44.941273 [debug] [MainThread]: Sending event: {'category': 'dbt', 'action': 'invocation', 'label': 'end', 'context': [<snowplow_tracker.self_describing_json.SelfDescribingJson object at 0x7120d224fe00>, <snowplow_tracker.self_describing_json.SelfDescribingJson object at 0x7120d17a8aa0>, <snowplow_tracker.self_describing_json.SelfDescribingJson object at 0x7120d0eebce0>]}
[0m15:00:44.941565 [debug] [MainThread]: Flushing usage events
[0m15:00:45.992849 [debug] [MainThread]: An error was encountered while trying to flush usage events
[0m15:01:41.526492 [debug] [MainThread]: Sending event: {'category': 'dbt', 'action': 'invocation', 'label': 'start', 'context': [<snowplow_tracker.self_describing_json.SelfDescribingJson object at 0x744cd9bea210>, <snowplow_tracker.self_describing_json.SelfDescribingJson object at 0x744cd98d7230>, <snowplow_tracker.self_describing_json.SelfDescribingJson object at 0x744cd9c69700>]}


============================== 15:01:41.531740 | 1352809e-ad53-476b-b570-f2cdc9957e3b ==============================
[0m15:01:41.531740 [info ] [MainThread]: Running with dbt=1.11.7
[0m15:01:41.532439 [debug] [MainThread]: running dbt with arguments {'use_colors': 'True', 'warn_error': 'None', 'target_path': 'None', 'log_path': 'logs', 'log_cache_events': 'False', 'introspect': 'True', 'use_experimental_parser': 'False', 'printer_width': '80', 'no_print': 'None', 'log_format': 'default', 'quiet': 'False', 'version_check': 'True', 'debug': 'False', 'invocation_command': 'dbt debug', 'partial_parse': 'True', 'write_json': 'True', 'cache_selected_only': 'False', 'fail_fast': 'False', 'warn_error_options': 'WarnErrorOptionsV2(error=[], warn=[], silence=[])', 'indirect_selection': 'eager', 'send_anonymous_usage_stats': 'True', 'profiles_dir': '/home/sanx/.dbt', 'empty': 'None', 'static_parser': 'True'}
[0m15:01:41.549491 [info ] [MainThread]: dbt version: 1.11.7
[0m15:01:41.549892 [info ] [MainThread]: python version: 3.12.3
[0m15:01:41.550170 [info ] [MainThread]: python path: /home/sanx/fred-pipeline/venv/bin/python3
[0m15:01:41.550430 [info ] [MainThread]: os info: Linux-6.6.87.2-microsoft-standard-WSL2-x86_64-with-glibc2.39
[0m15:01:41.613186 [info ] [MainThread]: Using profiles dir at /home/sanx/.dbt
[0m15:01:41.613629 [info ] [MainThread]: Using profiles.yml file at /home/sanx/.dbt/profiles.yml
[0m15:01:41.613935 [info ] [MainThread]: Using dbt_project.yml file at /home/sanx/fred-pipeline/dbt/dbt_project.yml
[0m15:01:41.615093 [info ] [MainThread]: adapter type: postgres
[0m15:01:41.615432 [info ] [MainThread]: adapter version: 1.10.0
[0m15:01:41.615733 [info ] [MainThread]: Configuration:
[0m15:01:41.615979 [info ] [MainThread]:   profiles.yml file [[32mOK found and valid[0m]
[0m15:01:41.616221 [info ] [MainThread]:   dbt_project.yml file [[31mERROR not found[0m]
[0m15:01:41.616511 [info ] [MainThread]: Required dependencies:
[0m15:01:41.616776 [debug] [MainThread]: Executing "git --help"
[0m15:01:41.637215 [debug] [MainThread]: STDOUT: "b"usage: git [-v | --version] [-h | --help] [-C <path>] [-c <name>=<value>]\n           [--exec-path[=<path>]] [--html-path] [--man-path] [--info-path]\n           [-p | --paginate | -P | --no-pager] [--no-replace-objects] [--bare]\n           [--git-dir=<path>] [--work-tree=<path>] [--namespace=<name>]\n           [--config-env=<name>=<envvar>] <command> [<args>]\n\nThese are common Git commands used in various situations:\n\nstart a working area (see also: git help tutorial)\n   clone     Clone a repository into a new directory\n   init      Create an empty Git repository or reinitialize an existing one\n\nwork on the current change (see also: git help everyday)\n   add       Add file contents to the index\n   mv        Move or rename a file, a directory, or a symlink\n   restore   Restore working tree files\n   rm        Remove files from the working tree and from the index\n\nexamine the history and state (see also: git help revisions)\n   bisect    Use binary search to find the commit that introduced a bug\n   diff      Show changes between commits, commit and working tree, etc\n   grep      Print lines matching a pattern\n   log       Show commit logs\n   show      Show various types of objects\n   status    Show the working tree status\n\ngrow, mark and tweak your common history\n   branch    List, create, or delete branches\n   commit    Record changes to the repository\n   merge     Join two or more development histories together\n   rebase    Reapply commits on top of another base tip\n   reset     Reset current HEAD to the specified state\n   switch    Switch branches\n   tag       Create, list, delete or verify a tag object signed with GPG\n\ncollaborate (see also: git help workflows)\n   fetch     Download objects and refs from another repository\n   pull      Fetch from and integrate with another repository or a local branch\n   push      Update remote refs along with associated objects\n\n'git help -a' and 'git help -g' list available subcommands and some\nconcept guides. See 'git help <command>' or 'git help <concept>'\nto read about a specific subcommand or concept.\nSee 'git help git' for an overview of the system.\n""
[0m15:01:41.637633 [debug] [MainThread]: STDERR: "b''"
[0m15:01:41.637882 [info ] [MainThread]:  - git [[32mOK found[0m]

[0m15:01:41.638205 [info ] [MainThread]: Connection:
[0m15:01:41.638501 [info ] [MainThread]:   host: localhost
[0m15:01:41.638806 [info ] [MainThread]:   port: 5432
[0m15:01:41.639055 [info ] [MainThread]:   user: freduser
[0m15:01:41.639324 [info ] [MainThread]:   database: freddb
[0m15:01:41.639562 [info ] [MainThread]:   schema: analytics
[0m15:01:41.639797 [info ] [MainThread]:   connect_timeout: 10
[0m15:01:41.640035 [info ] [MainThread]:   role: None
[0m15:01:41.640297 [info ] [MainThread]:   search_path: None
[0m15:01:41.640533 [info ] [MainThread]:   keepalives_idle: 0
[0m15:01:41.640764 [info ] [MainThread]:   sslmode: None
[0m15:01:41.640994 [info ] [MainThread]:   sslcert: None
[0m15:01:41.641224 [info ] [MainThread]:   sslkey: None
[0m15:01:41.641498 [info ] [MainThread]:   sslrootcert: None
[0m15:01:41.641728 [info ] [MainThread]:   application_name: dbt
[0m15:01:41.641958 [info ] [MainThread]:   retries: 1
[0m15:01:41.642392 [info ] [MainThread]: Registered adapter: postgres=1.10.0
[0m15:01:41.714665 [debug] [MainThread]: Acquiring new postgres connection 'debug'
[0m15:01:41.744753 [debug] [MainThread]: Using postgres connection "debug"
[0m15:01:41.745120 [debug] [MainThread]: On debug: select 1 as id
[0m15:01:41.745352 [debug] [MainThread]: Opening a new connection, currently in state init
[0m15:01:41.794016 [debug] [MainThread]: SQL status: SELECT 1 in 0.049 seconds
[0m15:01:41.794988 [debug] [MainThread]: On debug: Close
[0m15:01:41.795335 [info ] [MainThread]:   Connection test: [[32mOK connection ok[0m]

[0m15:01:41.795741 [info ] [MainThread]: [31m1 check failed:[0m
[0m15:01:41.796025 [info ] [MainThread]: Project loading failed for the following reason:
 project path </home/sanx/fred-pipeline/dbt/dbt_project.yml> not found

[0m15:01:41.796861 [debug] [MainThread]: Resource report: {"command_name": "debug", "command_success": false, "command_wall_clock_time": 0.3201015, "process_in_blocks": "68464", "process_kernel_time": 0.300421, "process_mem_max_rss": "113388", "process_out_blocks": "32", "process_user_time": 1.175064}
[0m15:01:41.797220 [debug] [MainThread]: Command `dbt debug` failed at 15:01:41.797138 after 0.32 seconds
[0m15:01:41.797464 [debug] [MainThread]: Connection 'debug' was properly closed.
[0m15:01:41.797843 [debug] [MainThread]: Sending event: {'category': 'dbt', 'action': 'invocation', 'label': 'end', 'context': [<snowplow_tracker.self_describing_json.SelfDescribingJson object at 0x744cd97b82c0>, <snowplow_tracker.self_describing_json.SelfDescribingJson object at 0x744cd9d803e0>, <snowplow_tracker.self_describing_json.SelfDescribingJson object at 0x744cdc056a50>]}
[0m15:01:41.798171 [debug] [MainThread]: Flushing usage events
[0m15:01:42.134672 [debug] [MainThread]: An error was encountered while trying to flush usage events
